2025-04-21 17:21:07.169 | INFO | run step begin: /ait/config/cms/list >>>>>>
2025-04-21 17:21:07.170 | DEBUG | ====== request details ======
url: https://fanyi.baidu.com/ait/config/cms/list
method: GET
params: {
    "date": "1743576063699?_=1743576063699",
    "ids": "621,479,272,276,152,629,650,663,689,690"
}
data: None
cookies: {}
timeout: 120
allow_redirects: True
verify: False
headers: {
    "Sec-Fetch-Dest": "empty",
    "Sec-Fetch-Mode": "cors",
    "Sec-Fetch-Site": "same-origin",
    "User-Agent": "Mozilla/5.0 (Windows NT 10.0; Win64; x64) AppleWebKit/537.36 (KHTML, like Gecko) Chrome/134.0.0.0 Safari/537.36 Edg/134.0.0.0",
    "sec-ch-ua": "\"Chromium\";v=\"134\", \"Not:A-Brand\";v=\"24\", \"Microsoft Edge\";v=\"134\"",
    "sec-ch-ua-mobile": "?0",
    "sec-ch-ua-platform": "\"Windows\"",
    "HRUN-Request-ID": "HRUN-ffaa5848-ff1c-4560-9637-7a3a574f1a7f-267170"
}
json: None

2025-04-21 17:21:07.540 | DEBUG | client IP: 192.168.3.240, Port: 54220
2025-04-21 17:21:07.540 | DEBUG | server IP: 124.237.208.247, Port: 443
2025-04-21 17:21:07.540 | DEBUG | 
================== request details ==================
method   : MethodEnum.GET
url      : https://fanyi.baidu.com/ait/config/cms/list?date=1743576063699%3F_%3D1743576063699&ids=621%2C479%2C272%2C276%2C152%2C629%2C650%2C663%2C689%2C690
headers  : {
    "User-Agent": "Mozilla/5.0 (Windows NT 10.0; Win64; x64) AppleWebKit/537.36 (KHTML, like Gecko) Chrome/134.0.0.0 Safari/537.36 Edg/134.0.0.0",
    "Accept-Encoding": "gzip, deflate, br",
    "Accept": "*/*",
    "Connection": "keep-alive",
    "Sec-Fetch-Dest": "empty",
    "Sec-Fetch-Mode": "cors",
    "Sec-Fetch-Site": "same-origin",
    "sec-ch-ua": "\"Chromium\";v=\"134\", \"Not:A-Brand\";v=\"24\", \"Microsoft Edge\";v=\"134\"",
    "sec-ch-ua-mobile": "?0",
    "sec-ch-ua-platform": "\"Windows\"",
    "HRUN-Request-ID": "HRUN-ffaa5848-ff1c-4560-9637-7a3a574f1a7f-267170"
}
cookies  : {}
body     : None

2025-04-21 17:21:07.548 | DEBUG | 
================== response details ==================
status_code : 200
headers  : {
    "Content-Length": "3461",
    "Content-Type": "application/json; charset=utf-8",
    "Date": "Mon, 21 Apr 2025 09:21:07 GMT"
}
cookies  : {}
encoding : utf-8
content_type : application/json; charset=utf-8
body     : {
    "errno": 0,
    "errmsg": "",
    "data": {
        "items": [
            {
                "id": 621,
                "value": []
            },
            {
                "id": 272,
                "value": {
                    "appData": {
                        "dataLeft": "100,000,000+ 次下载",
                        "dataRight": "300,000+ 5星好评"
                    },
                    "appFunc": "不仅仅是翻译！",
                    "appQr": "https://fanyiapp.cdn.bcebos.com/cms/image/8a3076b46fdcced0fd12efc9b417059e.png",
                    "appText": "App Store及各大手机应用商店搜索“百度翻译”均可下载",
                    "appTitle": "百度翻译APP 10.0",
                    "appVersion": "12.1.8",
                    "btnLink": "",
                    "btnText": "我知道了",
                    "cmsList": [
                        {
                            "bgMaskColor": "rgba(0, 0, 0, 0.6)",
                            "end_time": "2025-03-31 23:59:59",
                            "imgUrl": "https://fanyiapp.cdn.bcebos.com/cms/image/1abf8c3956cecc5b3f410a434920679c.png",
                            "imgwidth": 600,
                            "maxCount": "3",
                            "start_time": "2025-03-13 00:00:00",
                            "type": 1,
                            "urlLink": "https://fanyi.baidu.com/mtpe-individual/paperActivity2025#/",
                            "version": "2.1"
                        },
                        {
                            "bgMaskColor": "rgba(0, 0, 0, 0.6)",
                            "end_time": "2024-12-20 23:59:59",
                            "imgUrl": "https://fanyiapp.cdn.bcebos.com/cms/image/ed04d084716a73b24d57d1b11300744e.png",
                            "imgwidth": 600,
                            "maxCount": "10",
                            "start_time": "2024-12-09 10:00:00",
                            "type": 2,
                            "urlLink": "https://fanyi-app.baidu.com/static/react-activity/page/schoolbegins2024.html",
                            "version": "1.2"
                        }
                    ],
                    "desc": [
                        "百度翻译svip ",
                        "酷我vip",
                        "百度网盘vip"
                    ],
                    "end_time": "2022-03-31 23:59:59",
                    "expertDate": {
                        "content": "春节不打烊，服务正常接单！1月28-31日可放心下单，2月1日起统一处理。极速交付，品质如初 ！",
                        "end_time": "2025-01-31 23:59:59",
                        "start_time": "2025-01-28 00:00:00"
                    },
                    "imgSrc": [
                        "https://fanyiapp.cdn.bcebos.com/cms/image/29fc26ebd595ee7eefe996250444c045.png"
                    ],
                    "isShow": "0",
                    "recordList": [
                        {
                            "content": "「年终回馈」大礼包       点此可兑换全部权益",
                            "end_time": "2024-12-27 23:59:59",
                            "start_time": "2024-12-20 14:00:00",
                            "type": 1,
                            "urlLink": "https://fanyi-app.baidu.com/static/react-activity/page/schoolbegins2024.html#/"
                        }
                    ],
                    "relatedLowFlow": "",
                    "start_time": "2022-03-13 11:00:00",
                    "title": [
                        " AI 翻译",
                        "尝鲜体验"
                    ],
                    "v3BgMaskColor": "rgba(0, 0, 0, 0.6)",
                    "v3ImgUrl": "https://fanyiapp.cdn.bcebos.com/cms/image/1abf8c3956cecc5b3f410a434920679c.png",
                    "v3ImgUrlLink": "https://fanyi.baidu.com/mtpe-individual/paperActivity2025#/ ",
                    "v3Imgwidth": "624px",
                    "version": 4
                }
            },
            {
                "id": 152,
                "value": []
            },
            {
                "id": 629,
                "value": []
            },
            {
                "id": 663,
                "value": []
            },
            {
                "id": 690,
                "value": {
                    "expertPaperCouponConfig": {
                        "descFrText": {
                            "active": "38元畅翻论文摘要",
                            "default": "57元畅翻论文摘要"
                        },
                        "descFrfile": {
                            "active": "38元畅翻论文摘要 试试AI+人工翻译"
                        },
                        "endTime": "2025-04-01 00:00:00",
                        "payType": "ai_expert_paper_coupon",
                        "price": {
                            "active": "38",
                            "default": "57",
                            "linePrice": "95"
                        },
                        "serviceDesc": {
                            "active": "38元畅翻论文摘要",
                            "default": "57元畅翻论文摘要"
                        },
                        "startTime": "2025-03-10 00:00:00",
                        "title": "论文摘要翻译单篇券"
                    },
                    "motherTongueLevelConfig": {
                        "discount": 0.75,
                        "endTime": "2025-04-01 00:00:00",
                        "startTime": "2025-03-10 00:00:00"
                    },
                    "proLevelConfig": {
                        "bgMaskColor": "rgba(0, 0, 0, 0.6)",
                        "discount": 0.78,
                        "endTime": "2025-04-20 00:00:00",
                        "imgUrl": "https://fanyiapp.cdn.bcebos.com/cms/image/e670bc14199458a8136ddb21147ea25b.png",
                        "imgwidth": 500,
                        "startTime": "2025-04-01 00:00:00",
                        "urlLink": "/mtpe-individual/multimodal?expertType=0"
                    },
                    "wordCountPKs": [
                        {
                            "desc": "赠300字（价值57元）",
                            "name": "5000字",
                            "payType": "refuel_ai_expert_char_5k",
                            "price": "950",
                            "wordCount": "5000"
                        },
                        {
                            "desc": "赠1000字（价值190元）",
                            "name": "1万字",
                            "payType": "refuel_ai_expert_char_10k",
                            "price": "1900",
                            "wordCount": "10000"
                        }
                    ]
                }
            }
        ]
    },
    "logid": "2724529520",
    "extra": "b2aAWjhBMbFA4tJPN+F28YsaNUcaXfUJnaiggRD4Tw8="
}

2025-04-21 17:21:07.550 | INFO | status_code: 200, response_time(ms): 357.37 ms, response_length: 0 bytes
2025-04-21 17:21:07.550 | DEBUG | ====== response details ======
status_code: 200
headers: {
    "Content-Length": "3461",
    "Content-Type": "application/json; charset=utf-8",
    "Date": "Mon, 21 Apr 2025 09:21:07 GMT"
}
body: {
    "errno": 0,
    "errmsg": "",
    "data": {
        "items": [
            {
                "id": 621,
                "value": []
            },
            {
                "id": 272,
                "value": {
                    "appData": {
                        "dataLeft": "100,000,000+ 次下载",
                        "dataRight": "300,000+ 5星好评"
                    },
                    "appFunc": "不仅仅是翻译！",
                    "appQr": "https://fanyiapp.cdn.bcebos.com/cms/image/8a3076b46fdcced0fd12efc9b417059e.png",
                    "appText": "App Store及各大手机应用商店搜索“百度翻译”均可下载",
                    "appTitle": "百度翻译APP 10.0",
                    "appVersion": "12.1.8",
                    "btnLink": "",
                    "btnText": "我知道了",
                    "cmsList": [
                        {
                            "bgMaskColor": "rgba(0, 0, 0, 0.6)",
                            "end_time": "2025-03-31 23:59:59",
                            "imgUrl": "https://fanyiapp.cdn.bcebos.com/cms/image/1abf8c3956cecc5b3f410a434920679c.png",
                            "imgwidth": 600,
                            "maxCount": "3",
                            "start_time": "2025-03-13 00:00:00",
                            "type": 1,
                            "urlLink": "https://fanyi.baidu.com/mtpe-individual/paperActivity2025#/",
                            "version": "2.1"
                        },
                        {
                            "bgMaskColor": "rgba(0, 0, 0, 0.6)",
                            "end_time": "2024-12-20 23:59:59",
                            "imgUrl": "https://fanyiapp.cdn.bcebos.com/cms/image/ed04d084716a73b24d57d1b11300744e.png",
                            "imgwidth": 600,
                            "maxCount": "10",
                            "start_time": "2024-12-09 10:00:00",
                            "type": 2,
                            "urlLink": "https://fanyi-app.baidu.com/static/react-activity/page/schoolbegins2024.html",
                            "version": "1.2"
                        }
                    ],
                    "desc": [
                        "百度翻译svip ",
                        "酷我vip",
                        "百度网盘vip"
                    ],
                    "end_time": "2022-03-31 23:59:59",
                    "expertDate": {
                        "content": "春节不打烊，服务正常接单！1月28-31日可放心下单，2月1日起统一处理。极速交付，品质如初 ！",
                        "end_time": "2025-01-31 23:59:59",
                        "start_time": "2025-01-28 00:00:00"
                    },
                    "imgSrc": [
                        "https://fanyiapp.cdn.bcebos.com/cms/image/29fc26ebd595ee7eefe996250444c045.png"
                    ],
                    "isShow": "0",
                    "recordList": [
                        {
                            "content": "「年终回馈」大礼包       点此可兑换全部权益",
                            "end_time": "2024-12-27 23:59:59",
                            "start_time": "2024-12-20 14:00:00",
                            "type": 1,
                            "urlLink": "https://fanyi-app.baidu.com/static/react-activity/page/schoolbegins2024.html#/"
                        }
                    ],
                    "relatedLowFlow": "",
                    "start_time": "2022-03-13 11:00:00",
                    "title": [
                        " AI 翻译",
                        "尝鲜体验"
                    ],
                    "v3BgMaskColor": "rgba(0, 0, 0, 0.6)",
                    "v3ImgUrl": "https://fanyiapp.cdn.bcebos.com/cms/image/1abf8c3956cecc5b3f410a434920679c.png",
                    "v3ImgUrlLink": "https://fanyi.baidu.com/mtpe-individual/paperActivity2025#/ ",
                    "v3Imgwidth": "624px",
                    "version": 4
                }
            },
            {
                "id": 152,
                "value": []
            },
            {
                "id": 629,
                "value": []
            },
            {
                "id": 663,
                "value": []
            },
            {
                "id": 690,
                "value": {
                    "expertPaperCouponConfig": {
                        "descFrText": {
                            "active": "38元畅翻论文摘要",
                            "default": "57元畅翻论文摘要"
                        },
                        "descFrfile": {
                            "active": "38元畅翻论文摘要 试试AI+人工翻译"
                        },
                        "endTime": "2025-04-01 00:00:00",
                        "payType": "ai_expert_paper_coupon",
                        "price": {
                            "active": "38",
                            "default": "57",
                            "linePrice": "95"
                        },
                        "serviceDesc": {
                            "active": "38元畅翻论文摘要",
                            "default": "57元畅翻论文摘要"
                        },
                        "startTime": "2025-03-10 00:00:00",
                        "title": "论文摘要翻译单篇券"
                    },
                    "motherTongueLevelConfig": {
                        "discount": 0.75,
                        "endTime": "2025-04-01 00:00:00",
                        "startTime": "2025-03-10 00:00:00"
                    },
                    "proLevelConfig": {
                        "bgMaskColor": "rgba(0, 0, 0, 0.6)",
                        "discount": 0.78,
                        "endTime": "2025-04-20 00:00:00",
                        "imgUrl": "https://fanyiapp.cdn.bcebos.com/cms/image/e670bc14199458a8136ddb21147ea25b.png",
                        "imgwidth": 500,
                        "startTime": "2025-04-01 00:00:00",
                        "urlLink": "/mtpe-individual/multimodal?expertType=0"
                    },
                    "wordCountPKs": [
                        {
                            "desc": "赠300字（价值57元）",
                            "name": "5000字",
                            "payType": "refuel_ai_expert_char_5k",
                            "price": "950",
                            "wordCount": "5000"
                        },
                        {
                            "desc": "赠1000字（价值190元）",
                            "name": "1万字",
                            "payType": "refuel_ai_expert_char_10k",
                            "price": "1900",
                            "wordCount": "10000"
                        }
                    ]
                }
            }
        ]
    },
    "logid": "2724529520",
    "extra": "b2aAWjhBMbFA4tJPN+F28YsaNUcaXfUJnaiggRD4Tw8="
}

2025-04-21 17:21:07.552 | INFO | assert status_code equal 200(int)	==> pass
2025-04-21 17:21:07.552 | INFO | assert headers."Content-Type" equal application/json; charset=utf-8(str)	==> pass
2025-04-21 17:21:07.552 | INFO | assert body.errno equal 0(int)	==> pass
2025-04-21 17:21:07.552 | INFO | assert body.errmsg equal (str)	==> pass
2025-04-21 17:21:07.553 | INFO | run step end: /ait/config/cms/list <<<<<<

2025-04-21 17:21:07.553 | INFO | generate testcase log: C:\Users\lxd\PycharmProjects\pythonProject\logs\ffaa5848-ff1c-4560-9637-7a3a574f1a7f.run.log
2025-04-21 17:21:07.718 | INFO | Start to run testcase: uitest description, TestCase ID: 4f49230c-8df0-4463-bf96-9932eb8a6115
2025-04-21 17:21:07.720 | INFO | run step begin: movie_search >>>>>>
2025-04-21 17:21:07.720 | DEBUG | ====== request details ======
url: https://search.douban.com/movie/subject_search
method: GET
params: {
    "cat": "1002",
    "search_text": "liudehua"
}
data: None
cookies: {}
timeout: 120
allow_redirects: True
verify: False
headers: {
    "Sec-Fetch-Dest": "document",
    "Sec-Fetch-Mode": "navigate",
    "Sec-Fetch-Site": "same-origin",
    "User-Agent": "Mozilla/5.0 (Windows NT 10.0; Win64; x64) AppleWebKit/537.36 (KHTML, like Gecko) Chrome/134.0.0.0 Safari/537.36 Edg/134.0.0.0",
    "sec-ch-ua": "\"Chromium\";v=\"134\", \"Not:A-Brand\";v=\"24\", \"Microsoft Edge\";v=\"134\"",
    "sec-ch-ua-platform": "\"Windows\"",
    "HRUN-Request-ID": "HRUN-4f49230c-8df0-4463-bf96-9932eb8a6115-267720"
}
json: None

2025-04-21 17:21:08.274 | DEBUG | client IP: 192.168.3.240, Port: 54221
2025-04-21 17:21:08.274 | DEBUG | server IP: 81.70.124.99, Port: 443
2025-04-21 17:21:08.276 | DEBUG | 
================== request details ==================
method   : MethodEnum.GET
url      : https://search.douban.com/movie/subject_search?cat=1002&search_text=liudehua
headers  : {
    "User-Agent": "Mozilla/5.0 (Windows NT 10.0; Win64; x64) AppleWebKit/537.36 (KHTML, like Gecko) Chrome/134.0.0.0 Safari/537.36 Edg/134.0.0.0",
    "Accept-Encoding": "gzip, deflate, br",
    "Accept": "*/*",
    "Connection": "keep-alive",
    "Sec-Fetch-Dest": "document",
    "Sec-Fetch-Mode": "navigate",
    "Sec-Fetch-Site": "same-origin",
    "sec-ch-ua": "\"Chromium\";v=\"134\", \"Not:A-Brand\";v=\"24\", \"Microsoft Edge\";v=\"134\"",
    "sec-ch-ua-platform": "\"Windows\"",
    "HRUN-Request-ID": "HRUN-4f49230c-8df0-4463-bf96-9932eb8a6115-267720"
}
cookies  : {}
body     : None

2025-04-21 17:21:08.276 | DEBUG | 
================== response details ==================
status_code : 200
headers  : {
    "Date": "Mon, 21 Apr 2025 09:21:08 GMT",
    "Content-Type": "text/html; charset=utf-8",
    "Transfer-Encoding": "chunked",
    "Connection": "keep-alive",
    "Keep-Alive": "timeout=30",
    "Expires": "Sun, 1 Jan 2006 01:00:00 GMT",
    "Pragma": "no-cache",
    "Cache-Control": "must-revalidate, no-cache, private",
    "X-Xss-Protection": "1; mode=block",
    "X-Douban-Mobileapp": "0",
    "X-DAE-App": "search",
    "X-DAE-Instance": "default",
    "Set-Cookie": "bid=aZ6oS_aQ7kc; Expires=Tue, 21-Apr-26 09:21:08 GMT; Domain=.douban.com; Path=/",
    "X-DOUBAN-NEWBID": "aZ6oS_aQ7kc",
    "Server": "dae",
    "Strict-Transport-Security": "max-age=15552000",
    "X-Content-Type-Options": "nosniff",
    "Content-Encoding": "br"
}
cookies  : {
    "bid": "aZ6oS_aQ7kc"
}
encoding : utf-8
content_type : text/html; charset=utf-8
body     : 
<!DOCTYPE html>
<html lang="en">
  <head>
    <meta charset="utf-8">
    <meta http-equiv="X-UA-Compatible" content="edge" />
    <meta name=“renderer” content=“webkit”>
    <meta name="referrer" content="always">
    <meta name="viewport" content="width=device-width, initial-scale=1">
    <link rel="shortcut icon" href="https://img1.doubanio.com/favicon.ico" type="image/x-icon">
    <link rel="search" type="application/opensearchdescription+xml" title="豆瓣搜索" href="/opensearch?source=movie">
    <title>liu ... OMITTED 17152 CHARACTORS ...

2025-04-21 17:21:08.276 | INFO | status_code: 200, response_time(ms): 552.6 ms, response_length: 0 bytes
2025-04-21 17:21:08.277 | DEBUG | ====== response details ======
status_code: 200
headers: {
    "Date": "Mon, 21 Apr 2025 09:21:08 GMT",
    "Content-Type": "text/html; charset=utf-8",
    "Transfer-Encoding": "chunked",
    "Connection": "keep-alive",
    "Keep-Alive": "timeout=30",
    "Expires": "Sun, 1 Jan 2006 01:00:00 GMT",
    "Pragma": "no-cache",
    "Cache-Control": "must-revalidate, no-cache, private",
    "X-Xss-Protection": "1; mode=block",
    "X-Douban-Mobileapp": "0",
    "X-DAE-App": "search",
    "X-DAE-Instance": "default",
    "Set-Cookie": "bid=aZ6oS_aQ7kc; Expires=Tue, 21-Apr-26 09:21:08 GMT; Domain=.douban.com; Path=/",
    "X-DOUBAN-NEWBID": "aZ6oS_aQ7kc",
    "Server": "dae",
    "Strict-Transport-Security": "max-age=15552000",
    "X-Content-Type-Options": "nosniff",
    "Content-Encoding": "br"
}
body: b'\n<!DOCTYPE html>\n<html lang="en">\n  <head>\n    <meta charset="utf-8">\n    <meta http-equiv="X-UA-Compatible" content="edge" />\n    <meta name=\xe2\x80\x9crenderer\xe2\x80\x9d content=\xe2\x80\x9cwebkit\xe2\x80\x9d>\n    <meta name="referrer" content="always">\n    <meta name="viewport" content="width=device-width, initial-scale=1">\n    <link rel="shortcut icon" href="https://img1.doubanio.com/favicon.ico" type="image/x-icon">\n    <link rel="search" type="application/opensearchdescription+xml" title="\xe8\xb1\x86\xe7\x93\xa3\xe6\x90\x9c\xe7\xb4\xa2" href="/opensearch?source=movie" ... OMITTED 17469 CHARACTORS ...'

2025-04-21 17:21:08.280 | INFO | assert status_code equal 200(int)	==> pass
2025-04-21 17:21:08.280 | ERROR | assert headers."Content-Type" equal text/html(str)	==> fail
check_item: headers."Content-Type"
check_value: text/html; charset=utf-8(str)
assert_method: equal
expect_value: text/html(str)
2025-04-21 17:21:08.280 | INFO | generate testcase log: C:\Users\lxd\PycharmProjects\pythonProject\logs\4f49230c-8df0-4463-bf96-9932eb8a6115.run.log
